<?xml version="1.0" encoding="UTF-8"?>
<testng-results ignored="0" total="62" passed="62" failed="0" skipped="0">
  <reporter-output>
  </reporter-output>
  <suite started-at="2023-12-03T23:37:10 EST" name="Suite" finished-at="2023-12-03T23:37:43 EST" duration-ms="32778">
    <groups>
      <group name="cucumber">
        <method signature="AbstractTestNGCucumberTests.runScenario(io.cucumber.testng.PickleWrapper,io.cucumber.testng.FeatureWrapper)[pri:0, instance:testRunner.runnertestng@4afcd809]" name="runScenario" class="io.cucumber.testng.AbstractTestNGCucumberTests"/>
      </group> <!-- cucumber -->
    </groups>
    <test started-at="2023-12-03T23:37:10 EST" name="Test" finished-at="2023-12-03T23:37:43 EST" duration-ms="32778">
      <class name="testRunner.runnertestng">
        <test-method is-config="true" signature="setUpClass(org.testng.ITestContext)[pri:0, instance:testRunner.runnertestng@4afcd809]" started-at="2023-12-03T23:37:10 EST" name="setUpClass" finished-at="2023-12-03T23:37:11 EST" duration-ms="768" status="PASS">
          <params>
            <param index="0">
              <value>
                <![CDATA[org.testng.TestRunner@2740585b]]>
              </value>
            </param>
          </params>
          <reporter-output>
          </reporter-output>
        </test-method> <!-- setUpClass -->
        <test-method signature="runScenario(io.cucumber.testng.PickleWrapper,io.cucumber.testng.FeatureWrapper)[pri:0, instance:testRunner.runnertestng@4afcd809]" started-at="2023-12-03T23:37:11 EST" name="runScenario" description="Runs Cucumber Scenarios" data-provider="scenarios" finished-at="2023-12-03T23:37:15 EST" duration-ms="4167" status="PASS">
          <params>
            <param index="0">
              <value>
                <![CDATA["Browser page"]]>
              </value>
            </param>
            <param index="1">
              <value>
                <![CDATA["To Automate Introduction page of DS_Algo"]]>
              </value>
            </param>
          </params>
          <reporter-output>
          </reporter-output>
        </test-method> <!-- runScenario -->
        <test-method signature="runScenario(io.cucumber.testng.PickleWrapper,io.cucumber.testng.FeatureWrapper)[pri:0, instance:testRunner.runnertestng@4afcd809]" started-at="2023-12-03T23:37:15 EST" name="runScenario" description="Runs Cucumber Scenarios" data-provider="scenarios" finished-at="2023-12-03T23:37:16 EST" duration-ms="413" status="PASS">
          <params>
            <param index="0">
              <value>
                <![CDATA["DS Algo Get Started page"]]>
              </value>
            </param>
            <param index="1">
              <value>
                <![CDATA["To Automate Introduction page of DS_Algo"]]>
              </value>
            </param>
          </params>
          <reporter-output>
          </reporter-output>
        </test-method> <!-- runScenario -->
        <test-method signature="runScenario(io.cucumber.testng.PickleWrapper,io.cucumber.testng.FeatureWrapper)[pri:0, instance:testRunner.runnertestng@4afcd809]" started-at="2023-12-03T23:37:16 EST" name="runScenario" description="Runs Cucumber Scenarios" data-provider="scenarios" finished-at="2023-12-03T23:37:16 EST" duration-ms="119" status="PASS">
          <params>
            <param index="0">
              <value>
                <![CDATA["DS Introduction page"]]>
              </value>
            </param>
            <param index="1">
              <value>
                <![CDATA["To Automate Introduction page of DS_Algo"]]>
              </value>
            </param>
          </params>
          <reporter-output>
          </reporter-output>
        </test-method> <!-- runScenario -->
        <test-method signature="runScenario(io.cucumber.testng.PickleWrapper,io.cucumber.testng.FeatureWrapper)[pri:0, instance:testRunner.runnertestng@4afcd809]" started-at="2023-12-03T23:37:16 EST" name="runScenario" description="Runs Cucumber Scenarios" data-provider="scenarios" finished-at="2023-12-03T23:37:16 EST" duration-ms="248" status="PASS">
          <params>
            <param index="0">
              <value>
                <![CDATA["DS Introduction page"]]>
              </value>
            </param>
            <param index="1">
              <value>
                <![CDATA["To Automate Introduction page of DS_Algo"]]>
              </value>
            </param>
          </params>
          <reporter-output>
          </reporter-output>
        </test-method> <!-- runScenario -->
        <test-method signature="runScenario(io.cucumber.testng.PickleWrapper,io.cucumber.testng.FeatureWrapper)[pri:0, instance:testRunner.runnertestng@4afcd809]" started-at="2023-12-03T23:37:16 EST" name="runScenario" description="Runs Cucumber Scenarios" data-provider="scenarios" finished-at="2023-12-03T23:37:16 EST" duration-ms="45" status="PASS">
          <params>
            <param index="0">
              <value>
                <![CDATA["DS Introduction page"]]>
              </value>
            </param>
            <param index="1">
              <value>
                <![CDATA["To Automate Introduction page of DS_Algo"]]>
              </value>
            </param>
          </params>
          <reporter-output>
          </reporter-output>
        </test-method> <!-- runScenario -->
        <test-method signature="runScenario(io.cucumber.testng.PickleWrapper,io.cucumber.testng.FeatureWrapper)[pri:0, instance:testRunner.runnertestng@4afcd809]" started-at="2023-12-03T23:37:16 EST" name="runScenario" description="Runs Cucumber Scenarios" data-provider="scenarios" finished-at="2023-12-03T23:37:16 EST" duration-ms="191" status="PASS">
          <params>
            <param index="0">
              <value>
                <![CDATA["DS Algo Introduction Page"]]>
              </value>
            </param>
            <param index="1">
              <value>
                <![CDATA["to automate Signin page of DS_Algo"]]>
              </value>
            </param>
          </params>
          <reporter-output>
          </reporter-output>
        </test-method> <!-- runScenario -->
        <test-method signature="runScenario(io.cucumber.testng.PickleWrapper,io.cucumber.testng.FeatureWrapper)[pri:0, instance:testRunner.runnertestng@4afcd809]" started-at="2023-12-03T23:37:16 EST" name="runScenario" description="Runs Cucumber Scenarios" data-provider="scenarios" finished-at="2023-12-03T23:37:16 EST" duration-ms="134" status="PASS">
          <params>
            <param index="0">
              <value>
                <![CDATA["DS Algo Introduction Page"]]>
              </value>
            </param>
            <param index="1">
              <value>
                <![CDATA["to automate Signin page of DS_Algo"]]>
              </value>
            </param>
          </params>
          <reporter-output>
          </reporter-output>
        </test-method> <!-- runScenario -->
        <test-method signature="runScenario(io.cucumber.testng.PickleWrapper,io.cucumber.testng.FeatureWrapper)[pri:0, instance:testRunner.runnertestng@4afcd809]" started-at="2023-12-03T23:37:16 EST" name="runScenario" description="Runs Cucumber Scenarios" data-provider="scenarios" finished-at="2023-12-03T23:37:17 EST" duration-ms="253" status="PASS">
          <params>
            <param index="0">
              <value>
                <![CDATA["DS Algo Introduction Page"]]>
              </value>
            </param>
            <param index="1">
              <value>
                <![CDATA["to automate Signin page of DS_Algo"]]>
              </value>
            </param>
          </params>
          <reporter-output>
          </reporter-output>
        </test-method> <!-- runScenario -->
        <test-method signature="runScenario(io.cucumber.testng.PickleWrapper,io.cucumber.testng.FeatureWrapper)[pri:0, instance:testRunner.runnertestng@4afcd809]" started-at="2023-12-03T23:37:17 EST" name="runScenario" description="Runs Cucumber Scenarios" data-provider="scenarios" finished-at="2023-12-03T23:37:17 EST" duration-ms="174" status="PASS">
          <params>
            <param index="0">
              <value>
                <![CDATA["DS Algo Introduction Page"]]>
              </value>
            </param>
            <param index="1">
              <value>
                <![CDATA["to automate Signin page of DS_Algo"]]>
              </value>
            </param>
          </params>
          <reporter-output>
          </reporter-output>
        </test-method> <!-- runScenario -->
        <test-method signature="runScenario(io.cucumber.testng.PickleWrapper,io.cucumber.testng.FeatureWrapper)[pri:0, instance:testRunner.runnertestng@4afcd809]" started-at="2023-12-03T23:37:17 EST" name="runScenario" description="Runs Cucumber Scenarios" data-provider="scenarios" finished-at="2023-12-03T23:37:17 EST" duration-ms="336" status="PASS">
          <params>
            <param index="0">
              <value>
                <![CDATA["DS Algo Introduction Page"]]>
              </value>
            </param>
            <param index="1">
              <value>
                <![CDATA["to automate Signin page of DS_Algo"]]>
              </value>
            </param>
          </params>
          <reporter-output>
          </reporter-output>
        </test-method> <!-- runScenario -->
        <test-method signature="runScenario(io.cucumber.testng.PickleWrapper,io.cucumber.testng.FeatureWrapper)[pri:0, instance:testRunner.runnertestng@4afcd809]" started-at="2023-12-03T23:37:17 EST" name="runScenario" description="Runs Cucumber Scenarios" data-provider="scenarios" finished-at="2023-12-03T23:37:17 EST" duration-ms="148" status="PASS">
          <params>
            <param index="0">
              <value>
                <![CDATA["DS Algo Introduction Page"]]>
              </value>
            </param>
            <param index="1">
              <value>
                <![CDATA["to automate Signin page of DS_Algo"]]>
              </value>
            </param>
          </params>
          <reporter-output>
          </reporter-output>
        </test-method> <!-- runScenario -->
        <test-method signature="runScenario(io.cucumber.testng.PickleWrapper,io.cucumber.testng.FeatureWrapper)[pri:0, instance:testRunner.runnertestng@4afcd809]" started-at="2023-12-03T23:37:17 EST" name="runScenario" description="Runs Cucumber Scenarios" data-provider="scenarios" finished-at="2023-12-03T23:37:18 EST" duration-ms="315" status="PASS">
          <params>
            <param index="0">
              <value>
                <![CDATA["DS Algo Introduction Page"]]>
              </value>
            </param>
            <param index="1">
              <value>
                <![CDATA["to automate Signin page of DS_Algo"]]>
              </value>
            </param>
          </params>
          <reporter-output>
          </reporter-output>
        </test-method> <!-- runScenario -->
        <test-method signature="runScenario(io.cucumber.testng.PickleWrapper,io.cucumber.testng.FeatureWrapper)[pri:0, instance:testRunner.runnertestng@4afcd809]" started-at="2023-12-03T23:37:18 EST" name="runScenario" description="Runs Cucumber Scenarios" data-provider="scenarios" finished-at="2023-12-03T23:37:18 EST" duration-ms="495" status="PASS">
          <params>
            <param index="0">
              <value>
                <![CDATA["DS Algo Introduction Page"]]>
              </value>
            </param>
            <param index="1">
              <value>
                <![CDATA["to automate Signin page of DS_Algo"]]>
              </value>
            </param>
          </params>
          <reporter-output>
          </reporter-output>
        </test-method> <!-- runScenario -->
        <test-method signature="runScenario(io.cucumber.testng.PickleWrapper,io.cucumber.testng.FeatureWrapper)[pri:0, instance:testRunner.runnertestng@4afcd809]" started-at="2023-12-03T23:37:18 EST" name="runScenario" description="Runs Cucumber Scenarios" data-provider="scenarios" finished-at="2023-12-03T23:37:18 EST" duration-ms="191" status="PASS">
          <params>
            <param index="0">
              <value>
                <![CDATA["Home Page"]]>
              </value>
            </param>
            <param index="1">
              <value>
                <![CDATA["To Automate the page of Array"]]>
              </value>
            </param>
          </params>
          <reporter-output>
          </reporter-output>
        </test-method> <!-- runScenario -->
        <test-method signature="runScenario(io.cucumber.testng.PickleWrapper,io.cucumber.testng.FeatureWrapper)[pri:0, instance:testRunner.runnertestng@4afcd809]" started-at="2023-12-03T23:37:18 EST" name="runScenario" description="Runs Cucumber Scenarios" data-provider="scenarios" finished-at="2023-12-03T23:37:18 EST" duration-ms="172" status="PASS">
          <params>
            <param index="0">
              <value>
                <![CDATA["Data Structure Home page"]]>
              </value>
            </param>
            <param index="1">
              <value>
                <![CDATA["To Automate the page of Array"]]>
              </value>
            </param>
          </params>
          <reporter-output>
          </reporter-output>
        </test-method> <!-- runScenario -->
        <test-method signature="runScenario(io.cucumber.testng.PickleWrapper,io.cucumber.testng.FeatureWrapper)[pri:0, instance:testRunner.runnertestng@4afcd809]" started-at="2023-12-03T23:37:18 EST" name="runScenario" description="Runs Cucumber Scenarios" data-provider="scenarios" finished-at="2023-12-03T23:37:18 EST" duration-ms="23" status="PASS">
          <params>
            <param index="0">
              <value>
                <![CDATA["Time Complexity Page"]]>
              </value>
            </param>
            <param index="1">
              <value>
                <![CDATA["To Automate the page of Array"]]>
              </value>
            </param>
          </params>
          <reporter-output>
          </reporter-output>
        </test-method> <!-- runScenario -->
        <test-method signature="runScenario(io.cucumber.testng.PickleWrapper,io.cucumber.testng.FeatureWrapper)[pri:0, instance:testRunner.runnertestng@4afcd809]" started-at="2023-12-03T23:37:18 EST" name="runScenario" description="Runs Cucumber Scenarios" data-provider="scenarios" finished-at="2023-12-03T23:37:19 EST" duration-ms="647" status="PASS">
          <params>
            <param index="0">
              <value>
                <![CDATA["Python Editor page without data"]]>
              </value>
            </param>
            <param index="1">
              <value>
                <![CDATA["To Automate the page of Array"]]>
              </value>
            </param>
          </params>
          <reporter-output>
          </reporter-output>
        </test-method> <!-- runScenario -->
        <test-method signature="runScenario(io.cucumber.testng.PickleWrapper,io.cucumber.testng.FeatureWrapper)[pri:0, instance:testRunner.runnertestng@4afcd809]" started-at="2023-12-03T23:37:19 EST" name="runScenario" description="Runs Cucumber Scenarios" data-provider="scenarios" finished-at="2023-12-03T23:37:20 EST" duration-ms="1213" status="PASS">
          <params>
            <param index="0">
              <value>
                <![CDATA["Python Editor page with Invalid data"]]>
              </value>
            </param>
            <param index="1">
              <value>
                <![CDATA["To Automate the page of Array"]]>
              </value>
            </param>
          </params>
          <reporter-output>
          </reporter-output>
        </test-method> <!-- runScenario -->
        <test-method signature="runScenario(io.cucumber.testng.PickleWrapper,io.cucumber.testng.FeatureWrapper)[pri:0, instance:testRunner.runnertestng@4afcd809]" started-at="2023-12-03T23:37:20 EST" name="runScenario" description="Runs Cucumber Scenarios" data-provider="scenarios" finished-at="2023-12-03T23:37:21 EST" duration-ms="522" status="PASS">
          <params>
            <param index="0">
              <value>
                <![CDATA["Python Editor page with valid data"]]>
              </value>
            </param>
            <param index="1">
              <value>
                <![CDATA["To Automate the page of Array"]]>
              </value>
            </param>
          </params>
          <reporter-output>
          </reporter-output>
        </test-method> <!-- runScenario -->
        <test-method signature="runScenario(io.cucumber.testng.PickleWrapper,io.cucumber.testng.FeatureWrapper)[pri:0, instance:testRunner.runnertestng@4afcd809]" started-at="2023-12-03T23:37:21 EST" name="runScenario" description="Runs Cucumber Scenarios" data-provider="scenarios" finished-at="2023-12-03T23:37:21 EST" duration-ms="148" status="PASS">
          <params>
            <param index="0">
              <value>
                <![CDATA["User go back to the previous page"]]>
              </value>
            </param>
            <param index="1">
              <value>
                <![CDATA["To Automate the page of Array"]]>
              </value>
            </param>
          </params>
          <reporter-output>
          </reporter-output>
        </test-method> <!-- runScenario -->
        <test-method signature="runScenario(io.cucumber.testng.PickleWrapper,io.cucumber.testng.FeatureWrapper)[pri:0, instance:testRunner.runnertestng@4afcd809]" started-at="2023-12-03T23:37:21 EST" name="runScenario" description="Runs Cucumber Scenarios" data-provider="scenarios" finished-at="2023-12-03T23:37:21 EST" duration-ms="249" status="PASS">
          <params>
            <param index="0">
              <value>
                <![CDATA["Time Complexity Page"]]>
              </value>
            </param>
            <param index="1">
              <value>
                <![CDATA["To Automate the page of Array"]]>
              </value>
            </param>
          </params>
          <reporter-output>
          </reporter-output>
        </test-method> <!-- runScenario -->
        <test-method signature="runScenario(io.cucumber.testng.PickleWrapper,io.cucumber.testng.FeatureWrapper)[pri:0, instance:testRunner.runnertestng@4afcd809]" started-at="2023-12-03T23:37:21 EST" name="runScenario" description="Runs Cucumber Scenarios" data-provider="scenarios" finished-at="2023-12-03T23:37:21 EST" duration-ms="246" status="PASS">
          <params>
            <param index="0">
              <value>
                <![CDATA["Home Page"]]>
              </value>
            </param>
            <param index="1">
              <value>
                <![CDATA["To Automate the page of Array"]]>
              </value>
            </param>
          </params>
          <reporter-output>
          </reporter-output>
        </test-method> <!-- runScenario -->
        <test-method signature="runScenario(io.cucumber.testng.PickleWrapper,io.cucumber.testng.FeatureWrapper)[pri:0, instance:testRunner.runnertestng@4afcd809]" started-at="2023-12-03T23:37:21 EST" name="runScenario" description="Runs Cucumber Scenarios" data-provider="scenarios" finished-at="2023-12-03T23:37:22 EST" duration-ms="248" status="PASS">
          <params>
            <param index="0">
              <value>
                <![CDATA["Array Page"]]>
              </value>
            </param>
            <param index="1">
              <value>
                <![CDATA["To Automate the page of Array"]]>
              </value>
            </param>
          </params>
          <reporter-output>
          </reporter-output>
        </test-method> <!-- runScenario -->
        <test-method signature="runScenario(io.cucumber.testng.PickleWrapper,io.cucumber.testng.FeatureWrapper)[pri:0, instance:testRunner.runnertestng@4afcd809]" started-at="2023-12-03T23:37:22 EST" name="runScenario" description="Runs Cucumber Scenarios" data-provider="scenarios" finished-at="2023-12-03T23:37:22 EST" duration-ms="186" status="PASS">
          <params>
            <param index="0">
              <value>
                <![CDATA["Array Page"]]>
              </value>
            </param>
            <param index="1">
              <value>
                <![CDATA["To Automate the page of Array"]]>
              </value>
            </param>
          </params>
          <reporter-output>
          </reporter-output>
        </test-method> <!-- runScenario -->
        <test-method signature="runScenario(io.cucumber.testng.PickleWrapper,io.cucumber.testng.FeatureWrapper)[pri:0, instance:testRunner.runnertestng@4afcd809]" started-at="2023-12-03T23:37:22 EST" name="runScenario" description="Runs Cucumber Scenarios" data-provider="scenarios" finished-at="2023-12-03T23:37:22 EST" duration-ms="347" status="PASS">
          <params>
            <param index="0">
              <value>
                <![CDATA["Python Editor page without data"]]>
              </value>
            </param>
            <param index="1">
              <value>
                <![CDATA["To Automate the page of Array"]]>
              </value>
            </param>
          </params>
          <reporter-output>
          </reporter-output>
        </test-method> <!-- runScenario -->
        <test-method signature="runScenario(io.cucumber.testng.PickleWrapper,io.cucumber.testng.FeatureWrapper)[pri:0, instance:testRunner.runnertestng@4afcd809]" started-at="2023-12-03T23:37:22 EST" name="runScenario" description="Runs Cucumber Scenarios" data-provider="scenarios" finished-at="2023-12-03T23:37:23 EST" duration-ms="487" status="PASS">
          <params>
            <param index="0">
              <value>
                <![CDATA["Python Editor page with Invalid data"]]>
              </value>
            </param>
            <param index="1">
              <value>
                <![CDATA["To Automate the page of Array"]]>
              </value>
            </param>
          </params>
          <reporter-output>
          </reporter-output>
        </test-method> <!-- runScenario -->
        <test-method signature="runScenario(io.cucumber.testng.PickleWrapper,io.cucumber.testng.FeatureWrapper)[pri:0, instance:testRunner.runnertestng@4afcd809]" started-at="2023-12-03T23:37:23 EST" name="runScenario" description="Runs Cucumber Scenarios" data-provider="scenarios" finished-at="2023-12-03T23:37:23 EST" duration-ms="453" status="PASS">
          <params>
            <param index="0">
              <value>
                <![CDATA["Python Editor page with valid data"]]>
              </value>
            </param>
            <param index="1">
              <value>
                <![CDATA["To Automate the page of Array"]]>
              </value>
            </param>
          </params>
          <reporter-output>
          </reporter-output>
        </test-method> <!-- runScenario -->
        <test-method signature="runScenario(io.cucumber.testng.PickleWrapper,io.cucumber.testng.FeatureWrapper)[pri:0, instance:testRunner.runnertestng@4afcd809]" started-at="2023-12-03T23:37:23 EST" name="runScenario" description="Runs Cucumber Scenarios" data-provider="scenarios" finished-at="2023-12-03T23:37:23 EST" duration-ms="223" status="PASS">
          <params>
            <param index="0">
              <value>
                <![CDATA["User go back to the previous page"]]>
              </value>
            </param>
            <param index="1">
              <value>
                <![CDATA["To Automate the page of Array"]]>
              </value>
            </param>
          </params>
          <reporter-output>
          </reporter-output>
        </test-method> <!-- runScenario -->
        <test-method signature="runScenario(io.cucumber.testng.PickleWrapper,io.cucumber.testng.FeatureWrapper)[pri:0, instance:testRunner.runnertestng@4afcd809]" started-at="2023-12-03T23:37:23 EST" name="runScenario" description="Runs Cucumber Scenarios" data-provider="scenarios" finished-at="2023-12-03T23:37:24 EST" duration-ms="172" status="PASS">
          <params>
            <param index="0">
              <value>
                <![CDATA["Array in Python Page"]]>
              </value>
            </param>
            <param index="1">
              <value>
                <![CDATA["To Automate the page of Array"]]>
              </value>
            </param>
          </params>
          <reporter-output>
          </reporter-output>
        </test-method> <!-- runScenario -->
        <test-method signature="runScenario(io.cucumber.testng.PickleWrapper,io.cucumber.testng.FeatureWrapper)[pri:0, instance:testRunner.runnertestng@4afcd809]" started-at="2023-12-03T23:37:24 EST" name="runScenario" description="Runs Cucumber Scenarios" data-provider="scenarios" finished-at="2023-12-03T23:37:24 EST" duration-ms="168" status="PASS">
          <params>
            <param index="0">
              <value>
                <![CDATA["Array Using List Page"]]>
              </value>
            </param>
            <param index="1">
              <value>
                <![CDATA["To Automate the page of Array"]]>
              </value>
            </param>
          </params>
          <reporter-output>
          </reporter-output>
        </test-method> <!-- runScenario -->
        <test-method signature="runScenario(io.cucumber.testng.PickleWrapper,io.cucumber.testng.FeatureWrapper)[pri:0, instance:testRunner.runnertestng@4afcd809]" started-at="2023-12-03T23:37:24 EST" name="runScenario" description="Runs Cucumber Scenarios" data-provider="scenarios" finished-at="2023-12-03T23:37:24 EST" duration-ms="331" status="PASS">
          <params>
            <param index="0">
              <value>
                <![CDATA["Python Editor page without data"]]>
              </value>
            </param>
            <param index="1">
              <value>
                <![CDATA["To Automate the page of Array"]]>
              </value>
            </param>
          </params>
          <reporter-output>
          </reporter-output>
        </test-method> <!-- runScenario -->
        <test-method signature="runScenario(io.cucumber.testng.PickleWrapper,io.cucumber.testng.FeatureWrapper)[pri:0, instance:testRunner.runnertestng@4afcd809]" started-at="2023-12-03T23:37:24 EST" name="runScenario" description="Runs Cucumber Scenarios" data-provider="scenarios" finished-at="2023-12-03T23:37:25 EST" duration-ms="472" status="PASS">
          <params>
            <param index="0">
              <value>
                <![CDATA["Python Editor page with Invalid data"]]>
              </value>
            </param>
            <param index="1">
              <value>
                <![CDATA["To Automate the page of Array"]]>
              </value>
            </param>
          </params>
          <reporter-output>
          </reporter-output>
        </test-method> <!-- runScenario -->
        <test-method signature="runScenario(io.cucumber.testng.PickleWrapper,io.cucumber.testng.FeatureWrapper)[pri:0, instance:testRunner.runnertestng@4afcd809]" started-at="2023-12-03T23:37:25 EST" name="runScenario" description="Runs Cucumber Scenarios" data-provider="scenarios" finished-at="2023-12-03T23:37:25 EST" duration-ms="409" status="PASS">
          <params>
            <param index="0">
              <value>
                <![CDATA["Python Editor page with valid data"]]>
              </value>
            </param>
            <param index="1">
              <value>
                <![CDATA["To Automate the page of Array"]]>
              </value>
            </param>
          </params>
          <reporter-output>
          </reporter-output>
        </test-method> <!-- runScenario -->
        <test-method signature="runScenario(io.cucumber.testng.PickleWrapper,io.cucumber.testng.FeatureWrapper)[pri:0, instance:testRunner.runnertestng@4afcd809]" started-at="2023-12-03T23:37:25 EST" name="runScenario" description="Runs Cucumber Scenarios" data-provider="scenarios" finished-at="2023-12-03T23:37:25 EST" duration-ms="128" status="PASS">
          <params>
            <param index="0">
              <value>
                <![CDATA["User go back to the previous page"]]>
              </value>
            </param>
            <param index="1">
              <value>
                <![CDATA["To Automate the page of Array"]]>
              </value>
            </param>
          </params>
          <reporter-output>
          </reporter-output>
        </test-method> <!-- runScenario -->
        <test-method signature="runScenario(io.cucumber.testng.PickleWrapper,io.cucumber.testng.FeatureWrapper)[pri:0, instance:testRunner.runnertestng@4afcd809]" started-at="2023-12-03T23:37:25 EST" name="runScenario" description="Runs Cucumber Scenarios" data-provider="scenarios" finished-at="2023-12-03T23:37:25 EST" duration-ms="205" status="PASS">
          <params>
            <param index="0">
              <value>
                <![CDATA["Array Using List Page"]]>
              </value>
            </param>
            <param index="1">
              <value>
                <![CDATA["To Automate the page of Array"]]>
              </value>
            </param>
          </params>
          <reporter-output>
          </reporter-output>
        </test-method> <!-- runScenario -->
        <test-method signature="runScenario(io.cucumber.testng.PickleWrapper,io.cucumber.testng.FeatureWrapper)[pri:0, instance:testRunner.runnertestng@4afcd809]" started-at="2023-12-03T23:37:25 EST" name="runScenario" description="Runs Cucumber Scenarios" data-provider="scenarios" finished-at="2023-12-03T23:37:25 EST" duration-ms="163" status="PASS">
          <params>
            <param index="0">
              <value>
                <![CDATA["Basic operations in Lists page"]]>
              </value>
            </param>
            <param index="1">
              <value>
                <![CDATA["To Automate the page of Array"]]>
              </value>
            </param>
          </params>
          <reporter-output>
          </reporter-output>
        </test-method> <!-- runScenario -->
        <test-method signature="runScenario(io.cucumber.testng.PickleWrapper,io.cucumber.testng.FeatureWrapper)[pri:0, instance:testRunner.runnertestng@4afcd809]" started-at="2023-12-03T23:37:25 EST" name="runScenario" description="Runs Cucumber Scenarios" data-provider="scenarios" finished-at="2023-12-03T23:37:26 EST" duration-ms="348" status="PASS">
          <params>
            <param index="0">
              <value>
                <![CDATA["Python Editor page without data"]]>
              </value>
            </param>
            <param index="1">
              <value>
                <![CDATA["To Automate the page of Array"]]>
              </value>
            </param>
          </params>
          <reporter-output>
          </reporter-output>
        </test-method> <!-- runScenario -->
        <test-method signature="runScenario(io.cucumber.testng.PickleWrapper,io.cucumber.testng.FeatureWrapper)[pri:0, instance:testRunner.runnertestng@4afcd809]" started-at="2023-12-03T23:37:26 EST" name="runScenario" description="Runs Cucumber Scenarios" data-provider="scenarios" finished-at="2023-12-03T23:37:26 EST" duration-ms="460" status="PASS">
          <params>
            <param index="0">
              <value>
                <![CDATA["Python Editor page with Invalid data"]]>
              </value>
            </param>
            <param index="1">
              <value>
                <![CDATA["To Automate the page of Array"]]>
              </value>
            </param>
          </params>
          <reporter-output>
          </reporter-output>
        </test-method> <!-- runScenario -->
        <test-method signature="runScenario(io.cucumber.testng.PickleWrapper,io.cucumber.testng.FeatureWrapper)[pri:0, instance:testRunner.runnertestng@4afcd809]" started-at="2023-12-03T23:37:26 EST" name="runScenario" description="Runs Cucumber Scenarios" data-provider="scenarios" finished-at="2023-12-03T23:37:27 EST" duration-ms="429" status="PASS">
          <params>
            <param index="0">
              <value>
                <![CDATA["Python Editor page with valid data"]]>
              </value>
            </param>
            <param index="1">
              <value>
                <![CDATA["To Automate the page of Array"]]>
              </value>
            </param>
          </params>
          <reporter-output>
          </reporter-output>
        </test-method> <!-- runScenario -->
        <test-method signature="runScenario(io.cucumber.testng.PickleWrapper,io.cucumber.testng.FeatureWrapper)[pri:0, instance:testRunner.runnertestng@4afcd809]" started-at="2023-12-03T23:37:27 EST" name="runScenario" description="Runs Cucumber Scenarios" data-provider="scenarios" finished-at="2023-12-03T23:37:27 EST" duration-ms="131" status="PASS">
          <params>
            <param index="0">
              <value>
                <![CDATA["User go back to the previous page"]]>
              </value>
            </param>
            <param index="1">
              <value>
                <![CDATA["To Automate the page of Array"]]>
              </value>
            </param>
          </params>
          <reporter-output>
          </reporter-output>
        </test-method> <!-- runScenario -->
        <test-method signature="runScenario(io.cucumber.testng.PickleWrapper,io.cucumber.testng.FeatureWrapper)[pri:0, instance:testRunner.runnertestng@4afcd809]" started-at="2023-12-03T23:37:27 EST" name="runScenario" description="Runs Cucumber Scenarios" data-provider="scenarios" finished-at="2023-12-03T23:37:27 EST" duration-ms="160" status="PASS">
          <params>
            <param index="0">
              <value>
                <![CDATA["Basic operations in Lists page"]]>
              </value>
            </param>
            <param index="1">
              <value>
                <![CDATA["To Automate the page of Array"]]>
              </value>
            </param>
          </params>
          <reporter-output>
          </reporter-output>
        </test-method> <!-- runScenario -->
        <test-method signature="runScenario(io.cucumber.testng.PickleWrapper,io.cucumber.testng.FeatureWrapper)[pri:0, instance:testRunner.runnertestng@4afcd809]" started-at="2023-12-03T23:37:27 EST" name="runScenario" description="Runs Cucumber Scenarios" data-provider="scenarios" finished-at="2023-12-03T23:37:27 EST" duration-ms="208" status="PASS">
          <params>
            <param index="0">
              <value>
                <![CDATA["Application of Array page"]]>
              </value>
            </param>
            <param index="1">
              <value>
                <![CDATA["To Automate the page of Array"]]>
              </value>
            </param>
          </params>
          <reporter-output>
          </reporter-output>
        </test-method> <!-- runScenario -->
        <test-method signature="runScenario(io.cucumber.testng.PickleWrapper,io.cucumber.testng.FeatureWrapper)[pri:0, instance:testRunner.runnertestng@4afcd809]" started-at="2023-12-03T23:37:27 EST" name="runScenario" description="Runs Cucumber Scenarios" data-provider="scenarios" finished-at="2023-12-03T23:37:27 EST" duration-ms="202" status="PASS">
          <params>
            <param index="0">
              <value>
                <![CDATA["Practice Questions page"]]>
              </value>
            </param>
            <param index="1">
              <value>
                <![CDATA["To Automate the page of Array"]]>
              </value>
            </param>
          </params>
          <reporter-output>
          </reporter-output>
        </test-method> <!-- runScenario -->
        <test-method signature="runScenario(io.cucumber.testng.PickleWrapper,io.cucumber.testng.FeatureWrapper)[pri:0, instance:testRunner.runnertestng@4afcd809]" started-at="2023-12-03T23:37:27 EST" name="runScenario" description="Runs Cucumber Scenarios" data-provider="scenarios" finished-at="2023-12-03T23:37:28 EST" duration-ms="320" status="PASS">
          <params>
            <param index="0">
              <value>
                <![CDATA["Python Editor page without data"]]>
              </value>
            </param>
            <param index="1">
              <value>
                <![CDATA["To Automate the page of Array"]]>
              </value>
            </param>
          </params>
          <reporter-output>
          </reporter-output>
        </test-method> <!-- runScenario -->
        <test-method signature="runScenario(io.cucumber.testng.PickleWrapper,io.cucumber.testng.FeatureWrapper)[pri:0, instance:testRunner.runnertestng@4afcd809]" started-at="2023-12-03T23:37:28 EST" name="runScenario" description="Runs Cucumber Scenarios" data-provider="scenarios" finished-at="2023-12-03T23:37:28 EST" duration-ms="410" status="PASS">
          <params>
            <param index="0">
              <value>
                <![CDATA["Python Editor page with Invalid data"]]>
              </value>
            </param>
            <param index="1">
              <value>
                <![CDATA["To Automate the page of Array"]]>
              </value>
            </param>
          </params>
          <reporter-output>
          </reporter-output>
        </test-method> <!-- runScenario -->
        <test-method signature="runScenario(io.cucumber.testng.PickleWrapper,io.cucumber.testng.FeatureWrapper)[pri:0, instance:testRunner.runnertestng@4afcd809]" started-at="2023-12-03T23:37:28 EST" name="runScenario" description="Runs Cucumber Scenarios" data-provider="scenarios" finished-at="2023-12-03T23:37:29 EST" duration-ms="528" status="PASS">
          <params>
            <param index="0">
              <value>
                <![CDATA["Python Editor page with valid data"]]>
              </value>
            </param>
            <param index="1">
              <value>
                <![CDATA["To Automate the page of Array"]]>
              </value>
            </param>
          </params>
          <reporter-output>
          </reporter-output>
        </test-method> <!-- runScenario -->
        <test-method signature="runScenario(io.cucumber.testng.PickleWrapper,io.cucumber.testng.FeatureWrapper)[pri:0, instance:testRunner.runnertestng@4afcd809]" started-at="2023-12-03T23:37:29 EST" name="runScenario" description="Runs Cucumber Scenarios" data-provider="scenarios" finished-at="2023-12-03T23:37:29 EST" duration-ms="178" status="PASS">
          <params>
            <param index="0">
              <value>
                <![CDATA["User go back to the previous page"]]>
              </value>
            </param>
            <param index="1">
              <value>
                <![CDATA["To Automate the page of Array"]]>
              </value>
            </param>
          </params>
          <reporter-output>
          </reporter-output>
        </test-method> <!-- runScenario -->
        <test-method signature="runScenario(io.cucumber.testng.PickleWrapper,io.cucumber.testng.FeatureWrapper)[pri:0, instance:testRunner.runnertestng@4afcd809]" started-at="2023-12-03T23:37:29 EST" name="runScenario" description="Runs Cucumber Scenarios" data-provider="scenarios" finished-at="2023-12-03T23:37:29 EST" duration-ms="259" status="PASS">
          <params>
            <param index="0">
              <value>
                <![CDATA["Practice Questions page"]]>
              </value>
            </param>
            <param index="1">
              <value>
                <![CDATA["To Automate the page of Array"]]>
              </value>
            </param>
          </params>
          <reporter-output>
          </reporter-output>
        </test-method> <!-- runScenario -->
        <test-method signature="runScenario(io.cucumber.testng.PickleWrapper,io.cucumber.testng.FeatureWrapper)[pri:0, instance:testRunner.runnertestng@4afcd809]" started-at="2023-12-03T23:37:29 EST" name="runScenario" description="Runs Cucumber Scenarios" data-provider="scenarios" finished-at="2023-12-03T23:37:29 EST" duration-ms="330" status="PASS">
          <params>
            <param index="0">
              <value>
                <![CDATA["Python Editor page without data"]]>
              </value>
            </param>
            <param index="1">
              <value>
                <![CDATA["To Automate the page of Array"]]>
              </value>
            </param>
          </params>
          <reporter-output>
          </reporter-output>
        </test-method> <!-- runScenario -->
        <test-method signature="runScenario(io.cucumber.testng.PickleWrapper,io.cucumber.testng.FeatureWrapper)[pri:0, instance:testRunner.runnertestng@4afcd809]" started-at="2023-12-03T23:37:29 EST" name="runScenario" description="Runs Cucumber Scenarios" data-provider="scenarios" finished-at="2023-12-03T23:37:30 EST" duration-ms="447" status="PASS">
          <params>
            <param index="0">
              <value>
                <![CDATA["Python Editor page with Invalid data"]]>
              </value>
            </param>
            <param index="1">
              <value>
                <![CDATA["To Automate the page of Array"]]>
              </value>
            </param>
          </params>
          <reporter-output>
          </reporter-output>
        </test-method> <!-- runScenario -->
        <test-method signature="runScenario(io.cucumber.testng.PickleWrapper,io.cucumber.testng.FeatureWrapper)[pri:0, instance:testRunner.runnertestng@4afcd809]" started-at="2023-12-03T23:37:30 EST" name="runScenario" description="Runs Cucumber Scenarios" data-provider="scenarios" finished-at="2023-12-03T23:37:30 EST" duration-ms="414" status="PASS">
          <params>
            <param index="0">
              <value>
                <![CDATA["Python Editor page with valid data"]]>
              </value>
            </param>
            <param index="1">
              <value>
                <![CDATA["To Automate the page of Array"]]>
              </value>
            </param>
          </params>
          <reporter-output>
          </reporter-output>
        </test-method> <!-- runScenario -->
        <test-method signature="runScenario(io.cucumber.testng.PickleWrapper,io.cucumber.testng.FeatureWrapper)[pri:0, instance:testRunner.runnertestng@4afcd809]" started-at="2023-12-03T23:37:30 EST" name="runScenario" description="Runs Cucumber Scenarios" data-provider="scenarios" finished-at="2023-12-03T23:37:30 EST" duration-ms="136" status="PASS">
          <params>
            <param index="0">
              <value>
                <![CDATA["User go back to the previous page"]]>
              </value>
            </param>
            <param index="1">
              <value>
                <![CDATA["To Automate the page of Array"]]>
              </value>
            </param>
          </params>
          <reporter-output>
          </reporter-output>
        </test-method> <!-- runScenario -->
        <test-method signature="runScenario(io.cucumber.testng.PickleWrapper,io.cucumber.testng.FeatureWrapper)[pri:0, instance:testRunner.runnertestng@4afcd809]" started-at="2023-12-03T23:37:30 EST" name="runScenario" description="Runs Cucumber Scenarios" data-provider="scenarios" finished-at="2023-12-03T23:37:31 EST" duration-ms="203" status="PASS">
          <params>
            <param index="0">
              <value>
                <![CDATA["Practice Questions page"]]>
              </value>
            </param>
            <param index="1">
              <value>
                <![CDATA["To Automate the page of Array"]]>
              </value>
            </param>
          </params>
          <reporter-output>
          </reporter-output>
        </test-method> <!-- runScenario -->
        <test-method signature="runScenario(io.cucumber.testng.PickleWrapper,io.cucumber.testng.FeatureWrapper)[pri:0, instance:testRunner.runnertestng@4afcd809]" started-at="2023-12-03T23:37:31 EST" name="runScenario" description="Runs Cucumber Scenarios" data-provider="scenarios" finished-at="2023-12-03T23:37:31 EST" duration-ms="330" status="PASS">
          <params>
            <param index="0">
              <value>
                <![CDATA["Python Editor page without data"]]>
              </value>
            </param>
            <param index="1">
              <value>
                <![CDATA["To Automate the page of Array"]]>
              </value>
            </param>
          </params>
          <reporter-output>
          </reporter-output>
        </test-method> <!-- runScenario -->
        <test-method signature="runScenario(io.cucumber.testng.PickleWrapper,io.cucumber.testng.FeatureWrapper)[pri:0, instance:testRunner.runnertestng@4afcd809]" started-at="2023-12-03T23:37:31 EST" name="runScenario" description="Runs Cucumber Scenarios" data-provider="scenarios" finished-at="2023-12-03T23:37:31 EST" duration-ms="421" status="PASS">
          <params>
            <param index="0">
              <value>
                <![CDATA["Python Editor page with Invalid data"]]>
              </value>
            </param>
            <param index="1">
              <value>
                <![CDATA["To Automate the page of Array"]]>
              </value>
            </param>
          </params>
          <reporter-output>
          </reporter-output>
        </test-method> <!-- runScenario -->
        <test-method signature="runScenario(io.cucumber.testng.PickleWrapper,io.cucumber.testng.FeatureWrapper)[pri:0, instance:testRunner.runnertestng@4afcd809]" started-at="2023-12-03T23:37:31 EST" name="runScenario" description="Runs Cucumber Scenarios" data-provider="scenarios" finished-at="2023-12-03T23:37:32 EST" duration-ms="421" status="PASS">
          <params>
            <param index="0">
              <value>
                <![CDATA["Python Editor page with valid data"]]>
              </value>
            </param>
            <param index="1">
              <value>
                <![CDATA["To Automate the page of Array"]]>
              </value>
            </param>
          </params>
          <reporter-output>
          </reporter-output>
        </test-method> <!-- runScenario -->
        <test-method signature="runScenario(io.cucumber.testng.PickleWrapper,io.cucumber.testng.FeatureWrapper)[pri:0, instance:testRunner.runnertestng@4afcd809]" started-at="2023-12-03T23:37:32 EST" name="runScenario" description="Runs Cucumber Scenarios" data-provider="scenarios" finished-at="2023-12-03T23:37:32 EST" duration-ms="153" status="PASS">
          <params>
            <param index="0">
              <value>
                <![CDATA["User go back to the previous page"]]>
              </value>
            </param>
            <param index="1">
              <value>
                <![CDATA["To Automate the page of Array"]]>
              </value>
            </param>
          </params>
          <reporter-output>
          </reporter-output>
        </test-method> <!-- runScenario -->
        <test-method signature="runScenario(io.cucumber.testng.PickleWrapper,io.cucumber.testng.FeatureWrapper)[pri:0, instance:testRunner.runnertestng@4afcd809]" started-at="2023-12-03T23:37:32 EST" name="runScenario" description="Runs Cucumber Scenarios" data-provider="scenarios" finished-at="2023-12-03T23:37:32 EST" duration-ms="224" status="PASS">
          <params>
            <param index="0">
              <value>
                <![CDATA["Practice Questions page"]]>
              </value>
            </param>
            <param index="1">
              <value>
                <![CDATA["To Automate the page of Array"]]>
              </value>
            </param>
          </params>
          <reporter-output>
          </reporter-output>
        </test-method> <!-- runScenario -->
        <test-method signature="runScenario(io.cucumber.testng.PickleWrapper,io.cucumber.testng.FeatureWrapper)[pri:0, instance:testRunner.runnertestng@4afcd809]" started-at="2023-12-03T23:37:32 EST" name="runScenario" description="Runs Cucumber Scenarios" data-provider="scenarios" finished-at="2023-12-03T23:37:33 EST" duration-ms="344" status="PASS">
          <params>
            <param index="0">
              <value>
                <![CDATA["Python Editor page without data"]]>
              </value>
            </param>
            <param index="1">
              <value>
                <![CDATA["To Automate the page of Array"]]>
              </value>
            </param>
          </params>
          <reporter-output>
          </reporter-output>
        </test-method> <!-- runScenario -->
        <test-method signature="runScenario(io.cucumber.testng.PickleWrapper,io.cucumber.testng.FeatureWrapper)[pri:0, instance:testRunner.runnertestng@4afcd809]" started-at="2023-12-03T23:37:33 EST" name="runScenario" description="Runs Cucumber Scenarios" data-provider="scenarios" finished-at="2023-12-03T23:37:33 EST" duration-ms="562" status="PASS">
          <params>
            <param index="0">
              <value>
                <![CDATA["Python Editor page with Invalid data"]]>
              </value>
            </param>
            <param index="1">
              <value>
                <![CDATA["To Automate the page of Array"]]>
              </value>
            </param>
          </params>
          <reporter-output>
          </reporter-output>
        </test-method> <!-- runScenario -->
        <test-method signature="runScenario(io.cucumber.testng.PickleWrapper,io.cucumber.testng.FeatureWrapper)[pri:0, instance:testRunner.runnertestng@4afcd809]" started-at="2023-12-03T23:37:33 EST" name="runScenario" description="Runs Cucumber Scenarios" data-provider="scenarios" finished-at="2023-12-03T23:37:34 EST" duration-ms="552" status="PASS">
          <params>
            <param index="0">
              <value>
                <![CDATA["Python Editor page with valid data"]]>
              </value>
            </param>
            <param index="1">
              <value>
                <![CDATA["To Automate the page of Array"]]>
              </value>
            </param>
          </params>
          <reporter-output>
          </reporter-output>
        </test-method> <!-- runScenario -->
        <test-method signature="runScenario(io.cucumber.testng.PickleWrapper,io.cucumber.testng.FeatureWrapper)[pri:0, instance:testRunner.runnertestng@4afcd809]" started-at="2023-12-03T23:37:34 EST" name="runScenario" description="Runs Cucumber Scenarios" data-provider="scenarios" finished-at="2023-12-03T23:37:34 EST" duration-ms="185" status="PASS">
          <params>
            <param index="0">
              <value>
                <![CDATA["User go back to the previous page"]]>
              </value>
            </param>
            <param index="1">
              <value>
                <![CDATA["To Automate the page of Array"]]>
              </value>
            </param>
          </params>
          <reporter-output>
          </reporter-output>
        </test-method> <!-- runScenario -->
        <test-method is-config="true" signature="tearDownClass()[pri:0, instance:testRunner.runnertestng@4afcd809]" started-at="2023-12-03T23:37:34 EST" name="tearDownClass" finished-at="2023-12-03T23:37:43 EST" duration-ms="9145" status="PASS">
          <reporter-output>
          </reporter-output>
        </test-method> <!-- tearDownClass -->
      </class> <!-- testRunner.runnertestng -->
    </test> <!-- Test -->
  </suite> <!-- Suite -->
</testng-results>
