<?xml version="1.0" encoding="UTF-8"?>
<testng-results ignored="0" total="62" passed="62" failed="0" skipped="0">
  <reporter-output>
  </reporter-output>
  <suite started-at="2023-12-03T11:52:29 EST" name="Suite" finished-at="2023-12-03T11:53:05 EST" duration-ms="36116">
    <groups>
      <group name="cucumber">
        <method signature="AbstractTestNGCucumberTests.runScenario(io.cucumber.testng.PickleWrapper,io.cucumber.testng.FeatureWrapper)[pri:0, instance:testRunner.runnertestng@4afcd809]" name="runScenario" class="io.cucumber.testng.AbstractTestNGCucumberTests"/>
      </group> <!-- cucumber -->
    </groups>
    <test started-at="2023-12-03T11:52:29 EST" name="Test" finished-at="2023-12-03T11:53:05 EST" duration-ms="36116">
      <class name="testRunner.runnertestng">
        <test-method is-config="true" signature="setUpClass(org.testng.ITestContext)[pri:0, instance:testRunner.runnertestng@4afcd809]" started-at="2023-12-03T11:52:29 EST" name="setUpClass" finished-at="2023-12-03T11:52:30 EST" duration-ms="928" status="PASS">
          <params>
            <param index="0">
              <value>
                <![CDATA[org.testng.TestRunner@52c2d1e8]]>
              </value>
            </param>
          </params>
          <reporter-output>
          </reporter-output>
        </test-method> <!-- setUpClass -->
        <test-method signature="runScenario(io.cucumber.testng.PickleWrapper,io.cucumber.testng.FeatureWrapper)[pri:0, instance:testRunner.runnertestng@4afcd809]" started-at="2023-12-03T11:52:30 EST" name="runScenario" description="Runs Cucumber Scenarios" data-provider="scenarios" finished-at="2023-12-03T11:52:34 EST" duration-ms="4563" status="PASS">
          <params>
            <param index="0">
              <value>
                <![CDATA["Browser page"]]>
              </value>
            </param>
            <param index="1">
              <value>
                <![CDATA["To Automate Introduction page of DS_Algo"]]>
              </value>
            </param>
          </params>
          <reporter-output>
          </reporter-output>
        </test-method> <!-- runScenario -->
        <test-method signature="runScenario(io.cucumber.testng.PickleWrapper,io.cucumber.testng.FeatureWrapper)[pri:0, instance:testRunner.runnertestng@4afcd809]" started-at="2023-12-03T11:52:34 EST" name="runScenario" description="Runs Cucumber Scenarios" data-provider="scenarios" finished-at="2023-12-03T11:52:37 EST" duration-ms="2382" status="PASS">
          <params>
            <param index="0">
              <value>
                <![CDATA["DS Algo Get Started page"]]>
              </value>
            </param>
            <param index="1">
              <value>
                <![CDATA["To Automate Introduction page of DS_Algo"]]>
              </value>
            </param>
          </params>
          <reporter-output>
          </reporter-output>
        </test-method> <!-- runScenario -->
        <test-method signature="runScenario(io.cucumber.testng.PickleWrapper,io.cucumber.testng.FeatureWrapper)[pri:0, instance:testRunner.runnertestng@4afcd809]" started-at="2023-12-03T11:52:37 EST" name="runScenario" description="Runs Cucumber Scenarios" data-provider="scenarios" finished-at="2023-12-03T11:52:37 EST" duration-ms="115" status="PASS">
          <params>
            <param index="0">
              <value>
                <![CDATA["DS Introduction page"]]>
              </value>
            </param>
            <param index="1">
              <value>
                <![CDATA["To Automate Introduction page of DS_Algo"]]>
              </value>
            </param>
          </params>
          <reporter-output>
          </reporter-output>
        </test-method> <!-- runScenario -->
        <test-method signature="runScenario(io.cucumber.testng.PickleWrapper,io.cucumber.testng.FeatureWrapper)[pri:0, instance:testRunner.runnertestng@4afcd809]" started-at="2023-12-03T11:52:37 EST" name="runScenario" description="Runs Cucumber Scenarios" data-provider="scenarios" finished-at="2023-12-03T11:52:37 EST" duration-ms="223" status="PASS">
          <params>
            <param index="0">
              <value>
                <![CDATA["DS Introduction page"]]>
              </value>
            </param>
            <param index="1">
              <value>
                <![CDATA["To Automate Introduction page of DS_Algo"]]>
              </value>
            </param>
          </params>
          <reporter-output>
          </reporter-output>
        </test-method> <!-- runScenario -->
        <test-method signature="runScenario(io.cucumber.testng.PickleWrapper,io.cucumber.testng.FeatureWrapper)[pri:0, instance:testRunner.runnertestng@4afcd809]" started-at="2023-12-03T11:52:37 EST" name="runScenario" description="Runs Cucumber Scenarios" data-provider="scenarios" finished-at="2023-12-03T11:52:37 EST" duration-ms="45" status="PASS">
          <params>
            <param index="0">
              <value>
                <![CDATA["DS Introduction page"]]>
              </value>
            </param>
            <param index="1">
              <value>
                <![CDATA["To Automate Introduction page of DS_Algo"]]>
              </value>
            </param>
          </params>
          <reporter-output>
          </reporter-output>
        </test-method> <!-- runScenario -->
        <test-method signature="runScenario(io.cucumber.testng.PickleWrapper,io.cucumber.testng.FeatureWrapper)[pri:0, instance:testRunner.runnertestng@4afcd809]" started-at="2023-12-03T11:52:37 EST" name="runScenario" description="Runs Cucumber Scenarios" data-provider="scenarios" finished-at="2023-12-03T11:52:37 EST" duration-ms="170" status="PASS">
          <params>
            <param index="0">
              <value>
                <![CDATA["DS Algo Introduction Page"]]>
              </value>
            </param>
            <param index="1">
              <value>
                <![CDATA["to automate Signin page of DS_Algo"]]>
              </value>
            </param>
          </params>
          <reporter-output>
          </reporter-output>
        </test-method> <!-- runScenario -->
        <test-method signature="runScenario(io.cucumber.testng.PickleWrapper,io.cucumber.testng.FeatureWrapper)[pri:0, instance:testRunner.runnertestng@4afcd809]" started-at="2023-12-03T11:52:37 EST" name="runScenario" description="Runs Cucumber Scenarios" data-provider="scenarios" finished-at="2023-12-03T11:52:37 EST" duration-ms="109" status="PASS">
          <params>
            <param index="0">
              <value>
                <![CDATA["DS Algo Introduction Page"]]>
              </value>
            </param>
            <param index="1">
              <value>
                <![CDATA["to automate Signin page of DS_Algo"]]>
              </value>
            </param>
          </params>
          <reporter-output>
          </reporter-output>
        </test-method> <!-- runScenario -->
        <test-method signature="runScenario(io.cucumber.testng.PickleWrapper,io.cucumber.testng.FeatureWrapper)[pri:0, instance:testRunner.runnertestng@4afcd809]" started-at="2023-12-03T11:52:37 EST" name="runScenario" description="Runs Cucumber Scenarios" data-provider="scenarios" finished-at="2023-12-03T11:52:38 EST" duration-ms="192" status="PASS">
          <params>
            <param index="0">
              <value>
                <![CDATA["DS Algo Introduction Page"]]>
              </value>
            </param>
            <param index="1">
              <value>
                <![CDATA["to automate Signin page of DS_Algo"]]>
              </value>
            </param>
          </params>
          <reporter-output>
          </reporter-output>
        </test-method> <!-- runScenario -->
        <test-method signature="runScenario(io.cucumber.testng.PickleWrapper,io.cucumber.testng.FeatureWrapper)[pri:0, instance:testRunner.runnertestng@4afcd809]" started-at="2023-12-03T11:52:38 EST" name="runScenario" description="Runs Cucumber Scenarios" data-provider="scenarios" finished-at="2023-12-03T11:52:38 EST" duration-ms="152" status="PASS">
          <params>
            <param index="0">
              <value>
                <![CDATA["DS Algo Introduction Page"]]>
              </value>
            </param>
            <param index="1">
              <value>
                <![CDATA["to automate Signin page of DS_Algo"]]>
              </value>
            </param>
          </params>
          <reporter-output>
          </reporter-output>
        </test-method> <!-- runScenario -->
        <test-method signature="runScenario(io.cucumber.testng.PickleWrapper,io.cucumber.testng.FeatureWrapper)[pri:0, instance:testRunner.runnertestng@4afcd809]" started-at="2023-12-03T11:52:38 EST" name="runScenario" description="Runs Cucumber Scenarios" data-provider="scenarios" finished-at="2023-12-03T11:52:38 EST" duration-ms="333" status="PASS">
          <params>
            <param index="0">
              <value>
                <![CDATA["DS Algo Introduction Page"]]>
              </value>
            </param>
            <param index="1">
              <value>
                <![CDATA["to automate Signin page of DS_Algo"]]>
              </value>
            </param>
          </params>
          <reporter-output>
          </reporter-output>
        </test-method> <!-- runScenario -->
        <test-method signature="runScenario(io.cucumber.testng.PickleWrapper,io.cucumber.testng.FeatureWrapper)[pri:0, instance:testRunner.runnertestng@4afcd809]" started-at="2023-12-03T11:52:38 EST" name="runScenario" description="Runs Cucumber Scenarios" data-provider="scenarios" finished-at="2023-12-03T11:52:38 EST" duration-ms="178" status="PASS">
          <params>
            <param index="0">
              <value>
                <![CDATA["DS Algo Introduction Page"]]>
              </value>
            </param>
            <param index="1">
              <value>
                <![CDATA["to automate Signin page of DS_Algo"]]>
              </value>
            </param>
          </params>
          <reporter-output>
          </reporter-output>
        </test-method> <!-- runScenario -->
        <test-method signature="runScenario(io.cucumber.testng.PickleWrapper,io.cucumber.testng.FeatureWrapper)[pri:0, instance:testRunner.runnertestng@4afcd809]" started-at="2023-12-03T11:52:38 EST" name="runScenario" description="Runs Cucumber Scenarios" data-provider="scenarios" finished-at="2023-12-03T11:52:39 EST" duration-ms="356" status="PASS">
          <params>
            <param index="0">
              <value>
                <![CDATA["DS Algo Introduction Page"]]>
              </value>
            </param>
            <param index="1">
              <value>
                <![CDATA["to automate Signin page of DS_Algo"]]>
              </value>
            </param>
          </params>
          <reporter-output>
          </reporter-output>
        </test-method> <!-- runScenario -->
        <test-method signature="runScenario(io.cucumber.testng.PickleWrapper,io.cucumber.testng.FeatureWrapper)[pri:0, instance:testRunner.runnertestng@4afcd809]" started-at="2023-12-03T11:52:39 EST" name="runScenario" description="Runs Cucumber Scenarios" data-provider="scenarios" finished-at="2023-12-03T11:52:39 EST" duration-ms="446" status="PASS">
          <params>
            <param index="0">
              <value>
                <![CDATA["DS Algo Introduction Page"]]>
              </value>
            </param>
            <param index="1">
              <value>
                <![CDATA["to automate Signin page of DS_Algo"]]>
              </value>
            </param>
          </params>
          <reporter-output>
          </reporter-output>
        </test-method> <!-- runScenario -->
        <test-method signature="runScenario(io.cucumber.testng.PickleWrapper,io.cucumber.testng.FeatureWrapper)[pri:0, instance:testRunner.runnertestng@4afcd809]" started-at="2023-12-03T11:52:39 EST" name="runScenario" description="Runs Cucumber Scenarios" data-provider="scenarios" finished-at="2023-12-03T11:52:39 EST" duration-ms="230" status="PASS">
          <params>
            <param index="0">
              <value>
                <![CDATA["Home Page"]]>
              </value>
            </param>
            <param index="1">
              <value>
                <![CDATA["To Automate the page of Array"]]>
              </value>
            </param>
          </params>
          <reporter-output>
          </reporter-output>
        </test-method> <!-- runScenario -->
        <test-method signature="runScenario(io.cucumber.testng.PickleWrapper,io.cucumber.testng.FeatureWrapper)[pri:0, instance:testRunner.runnertestng@4afcd809]" started-at="2023-12-03T11:52:39 EST" name="runScenario" description="Runs Cucumber Scenarios" data-provider="scenarios" finished-at="2023-12-03T11:52:39 EST" duration-ms="212" status="PASS">
          <params>
            <param index="0">
              <value>
                <![CDATA["Data Structure Home page"]]>
              </value>
            </param>
            <param index="1">
              <value>
                <![CDATA["To Automate the page of Array"]]>
              </value>
            </param>
          </params>
          <reporter-output>
          </reporter-output>
        </test-method> <!-- runScenario -->
        <test-method signature="runScenario(io.cucumber.testng.PickleWrapper,io.cucumber.testng.FeatureWrapper)[pri:0, instance:testRunner.runnertestng@4afcd809]" started-at="2023-12-03T11:52:39 EST" name="runScenario" description="Runs Cucumber Scenarios" data-provider="scenarios" finished-at="2023-12-03T11:52:39 EST" duration-ms="31" status="PASS">
          <params>
            <param index="0">
              <value>
                <![CDATA["Time Complexity Page"]]>
              </value>
            </param>
            <param index="1">
              <value>
                <![CDATA["To Automate the page of Array"]]>
              </value>
            </param>
          </params>
          <reporter-output>
          </reporter-output>
        </test-method> <!-- runScenario -->
        <test-method signature="runScenario(io.cucumber.testng.PickleWrapper,io.cucumber.testng.FeatureWrapper)[pri:0, instance:testRunner.runnertestng@4afcd809]" started-at="2023-12-03T11:52:39 EST" name="runScenario" description="Runs Cucumber Scenarios" data-provider="scenarios" finished-at="2023-12-03T11:52:40 EST" duration-ms="654" status="PASS">
          <params>
            <param index="0">
              <value>
                <![CDATA["Python Editor page without data"]]>
              </value>
            </param>
            <param index="1">
              <value>
                <![CDATA["To Automate the page of Array"]]>
              </value>
            </param>
          </params>
          <reporter-output>
          </reporter-output>
        </test-method> <!-- runScenario -->
        <test-method signature="runScenario(io.cucumber.testng.PickleWrapper,io.cucumber.testng.FeatureWrapper)[pri:0, instance:testRunner.runnertestng@4afcd809]" started-at="2023-12-03T11:52:40 EST" name="runScenario" description="Runs Cucumber Scenarios" data-provider="scenarios" finished-at="2023-12-03T11:52:42 EST" duration-ms="1397" status="PASS">
          <params>
            <param index="0">
              <value>
                <![CDATA["Python Editor page with Invalid data"]]>
              </value>
            </param>
            <param index="1">
              <value>
                <![CDATA["To Automate the page of Array"]]>
              </value>
            </param>
          </params>
          <reporter-output>
          </reporter-output>
        </test-method> <!-- runScenario -->
        <test-method signature="runScenario(io.cucumber.testng.PickleWrapper,io.cucumber.testng.FeatureWrapper)[pri:0, instance:testRunner.runnertestng@4afcd809]" started-at="2023-12-03T11:52:42 EST" name="runScenario" description="Runs Cucumber Scenarios" data-provider="scenarios" finished-at="2023-12-03T11:52:42 EST" duration-ms="530" status="PASS">
          <params>
            <param index="0">
              <value>
                <![CDATA["Python Editor page with valid data"]]>
              </value>
            </param>
            <param index="1">
              <value>
                <![CDATA["To Automate the page of Array"]]>
              </value>
            </param>
          </params>
          <reporter-output>
          </reporter-output>
        </test-method> <!-- runScenario -->
        <test-method signature="runScenario(io.cucumber.testng.PickleWrapper,io.cucumber.testng.FeatureWrapper)[pri:0, instance:testRunner.runnertestng@4afcd809]" started-at="2023-12-03T11:52:42 EST" name="runScenario" description="Runs Cucumber Scenarios" data-provider="scenarios" finished-at="2023-12-03T11:52:42 EST" duration-ms="207" status="PASS">
          <params>
            <param index="0">
              <value>
                <![CDATA["User go back to the previous page"]]>
              </value>
            </param>
            <param index="1">
              <value>
                <![CDATA["To Automate the page of Array"]]>
              </value>
            </param>
          </params>
          <reporter-output>
          </reporter-output>
        </test-method> <!-- runScenario -->
        <test-method signature="runScenario(io.cucumber.testng.PickleWrapper,io.cucumber.testng.FeatureWrapper)[pri:0, instance:testRunner.runnertestng@4afcd809]" started-at="2023-12-03T11:52:42 EST" name="runScenario" description="Runs Cucumber Scenarios" data-provider="scenarios" finished-at="2023-12-03T11:52:42 EST" duration-ms="199" status="PASS">
          <params>
            <param index="0">
              <value>
                <![CDATA["Time Complexity Page"]]>
              </value>
            </param>
            <param index="1">
              <value>
                <![CDATA["To Automate the page of Array"]]>
              </value>
            </param>
          </params>
          <reporter-output>
          </reporter-output>
        </test-method> <!-- runScenario -->
        <test-method signature="runScenario(io.cucumber.testng.PickleWrapper,io.cucumber.testng.FeatureWrapper)[pri:0, instance:testRunner.runnertestng@4afcd809]" started-at="2023-12-03T11:52:42 EST" name="runScenario" description="Runs Cucumber Scenarios" data-provider="scenarios" finished-at="2023-12-03T11:52:43 EST" duration-ms="234" status="PASS">
          <params>
            <param index="0">
              <value>
                <![CDATA["Home Page"]]>
              </value>
            </param>
            <param index="1">
              <value>
                <![CDATA["To Automate the page of Array"]]>
              </value>
            </param>
          </params>
          <reporter-output>
          </reporter-output>
        </test-method> <!-- runScenario -->
        <test-method signature="runScenario(io.cucumber.testng.PickleWrapper,io.cucumber.testng.FeatureWrapper)[pri:0, instance:testRunner.runnertestng@4afcd809]" started-at="2023-12-03T11:52:43 EST" name="runScenario" description="Runs Cucumber Scenarios" data-provider="scenarios" finished-at="2023-12-03T11:52:43 EST" duration-ms="269" status="PASS">
          <params>
            <param index="0">
              <value>
                <![CDATA["Array Page"]]>
              </value>
            </param>
            <param index="1">
              <value>
                <![CDATA["To Automate the page of Array"]]>
              </value>
            </param>
          </params>
          <reporter-output>
          </reporter-output>
        </test-method> <!-- runScenario -->
        <test-method signature="runScenario(io.cucumber.testng.PickleWrapper,io.cucumber.testng.FeatureWrapper)[pri:0, instance:testRunner.runnertestng@4afcd809]" started-at="2023-12-03T11:52:43 EST" name="runScenario" description="Runs Cucumber Scenarios" data-provider="scenarios" finished-at="2023-12-03T11:52:43 EST" duration-ms="184" status="PASS">
          <params>
            <param index="0">
              <value>
                <![CDATA["Array Page"]]>
              </value>
            </param>
            <param index="1">
              <value>
                <![CDATA["To Automate the page of Array"]]>
              </value>
            </param>
          </params>
          <reporter-output>
          </reporter-output>
        </test-method> <!-- runScenario -->
        <test-method signature="runScenario(io.cucumber.testng.PickleWrapper,io.cucumber.testng.FeatureWrapper)[pri:0, instance:testRunner.runnertestng@4afcd809]" started-at="2023-12-03T11:52:43 EST" name="runScenario" description="Runs Cucumber Scenarios" data-provider="scenarios" finished-at="2023-12-03T11:52:43 EST" duration-ms="316" status="PASS">
          <params>
            <param index="0">
              <value>
                <![CDATA["Python Editor page without data"]]>
              </value>
            </param>
            <param index="1">
              <value>
                <![CDATA["To Automate the page of Array"]]>
              </value>
            </param>
          </params>
          <reporter-output>
          </reporter-output>
        </test-method> <!-- runScenario -->
        <test-method signature="runScenario(io.cucumber.testng.PickleWrapper,io.cucumber.testng.FeatureWrapper)[pri:0, instance:testRunner.runnertestng@4afcd809]" started-at="2023-12-03T11:52:43 EST" name="runScenario" description="Runs Cucumber Scenarios" data-provider="scenarios" finished-at="2023-12-03T11:52:44 EST" duration-ms="485" status="PASS">
          <params>
            <param index="0">
              <value>
                <![CDATA["Python Editor page with Invalid data"]]>
              </value>
            </param>
            <param index="1">
              <value>
                <![CDATA["To Automate the page of Array"]]>
              </value>
            </param>
          </params>
          <reporter-output>
          </reporter-output>
        </test-method> <!-- runScenario -->
        <test-method signature="runScenario(io.cucumber.testng.PickleWrapper,io.cucumber.testng.FeatureWrapper)[pri:0, instance:testRunner.runnertestng@4afcd809]" started-at="2023-12-03T11:52:44 EST" name="runScenario" description="Runs Cucumber Scenarios" data-provider="scenarios" finished-at="2023-12-03T11:52:44 EST" duration-ms="435" status="PASS">
          <params>
            <param index="0">
              <value>
                <![CDATA["Python Editor page with valid data"]]>
              </value>
            </param>
            <param index="1">
              <value>
                <![CDATA["To Automate the page of Array"]]>
              </value>
            </param>
          </params>
          <reporter-output>
          </reporter-output>
        </test-method> <!-- runScenario -->
        <test-method signature="runScenario(io.cucumber.testng.PickleWrapper,io.cucumber.testng.FeatureWrapper)[pri:0, instance:testRunner.runnertestng@4afcd809]" started-at="2023-12-03T11:52:44 EST" name="runScenario" description="Runs Cucumber Scenarios" data-provider="scenarios" finished-at="2023-12-03T11:52:45 EST" duration-ms="141" status="PASS">
          <params>
            <param index="0">
              <value>
                <![CDATA["User go back to the previous page"]]>
              </value>
            </param>
            <param index="1">
              <value>
                <![CDATA["To Automate the page of Array"]]>
              </value>
            </param>
          </params>
          <reporter-output>
          </reporter-output>
        </test-method> <!-- runScenario -->
        <test-method signature="runScenario(io.cucumber.testng.PickleWrapper,io.cucumber.testng.FeatureWrapper)[pri:0, instance:testRunner.runnertestng@4afcd809]" started-at="2023-12-03T11:52:45 EST" name="runScenario" description="Runs Cucumber Scenarios" data-provider="scenarios" finished-at="2023-12-03T11:52:45 EST" duration-ms="197" status="PASS">
          <params>
            <param index="0">
              <value>
                <![CDATA["Array in Python Page"]]>
              </value>
            </param>
            <param index="1">
              <value>
                <![CDATA["To Automate the page of Array"]]>
              </value>
            </param>
          </params>
          <reporter-output>
          </reporter-output>
        </test-method> <!-- runScenario -->
        <test-method signature="runScenario(io.cucumber.testng.PickleWrapper,io.cucumber.testng.FeatureWrapper)[pri:0, instance:testRunner.runnertestng@4afcd809]" started-at="2023-12-03T11:52:45 EST" name="runScenario" description="Runs Cucumber Scenarios" data-provider="scenarios" finished-at="2023-12-03T11:52:45 EST" duration-ms="175" status="PASS">
          <params>
            <param index="0">
              <value>
                <![CDATA["Array Using List Page"]]>
              </value>
            </param>
            <param index="1">
              <value>
                <![CDATA["To Automate the page of Array"]]>
              </value>
            </param>
          </params>
          <reporter-output>
          </reporter-output>
        </test-method> <!-- runScenario -->
        <test-method signature="runScenario(io.cucumber.testng.PickleWrapper,io.cucumber.testng.FeatureWrapper)[pri:0, instance:testRunner.runnertestng@4afcd809]" started-at="2023-12-03T11:52:45 EST" name="runScenario" description="Runs Cucumber Scenarios" data-provider="scenarios" finished-at="2023-12-03T11:52:45 EST" duration-ms="336" status="PASS">
          <params>
            <param index="0">
              <value>
                <![CDATA["Python Editor page without data"]]>
              </value>
            </param>
            <param index="1">
              <value>
                <![CDATA["To Automate the page of Array"]]>
              </value>
            </param>
          </params>
          <reporter-output>
          </reporter-output>
        </test-method> <!-- runScenario -->
        <test-method signature="runScenario(io.cucumber.testng.PickleWrapper,io.cucumber.testng.FeatureWrapper)[pri:0, instance:testRunner.runnertestng@4afcd809]" started-at="2023-12-03T11:52:45 EST" name="runScenario" description="Runs Cucumber Scenarios" data-provider="scenarios" finished-at="2023-12-03T11:52:46 EST" duration-ms="430" status="PASS">
          <params>
            <param index="0">
              <value>
                <![CDATA["Python Editor page with Invalid data"]]>
              </value>
            </param>
            <param index="1">
              <value>
                <![CDATA["To Automate the page of Array"]]>
              </value>
            </param>
          </params>
          <reporter-output>
          </reporter-output>
        </test-method> <!-- runScenario -->
        <test-method signature="runScenario(io.cucumber.testng.PickleWrapper,io.cucumber.testng.FeatureWrapper)[pri:0, instance:testRunner.runnertestng@4afcd809]" started-at="2023-12-03T11:52:46 EST" name="runScenario" description="Runs Cucumber Scenarios" data-provider="scenarios" finished-at="2023-12-03T11:52:46 EST" duration-ms="443" status="PASS">
          <params>
            <param index="0">
              <value>
                <![CDATA["Python Editor page with valid data"]]>
              </value>
            </param>
            <param index="1">
              <value>
                <![CDATA["To Automate the page of Array"]]>
              </value>
            </param>
          </params>
          <reporter-output>
          </reporter-output>
        </test-method> <!-- runScenario -->
        <test-method signature="runScenario(io.cucumber.testng.PickleWrapper,io.cucumber.testng.FeatureWrapper)[pri:0, instance:testRunner.runnertestng@4afcd809]" started-at="2023-12-03T11:52:46 EST" name="runScenario" description="Runs Cucumber Scenarios" data-provider="scenarios" finished-at="2023-12-03T11:52:46 EST" duration-ms="150" status="PASS">
          <params>
            <param index="0">
              <value>
                <![CDATA["User go back to the previous page"]]>
              </value>
            </param>
            <param index="1">
              <value>
                <![CDATA["To Automate the page of Array"]]>
              </value>
            </param>
          </params>
          <reporter-output>
          </reporter-output>
        </test-method> <!-- runScenario -->
        <test-method signature="runScenario(io.cucumber.testng.PickleWrapper,io.cucumber.testng.FeatureWrapper)[pri:0, instance:testRunner.runnertestng@4afcd809]" started-at="2023-12-03T11:52:46 EST" name="runScenario" description="Runs Cucumber Scenarios" data-provider="scenarios" finished-at="2023-12-03T11:52:46 EST" duration-ms="185" status="PASS">
          <params>
            <param index="0">
              <value>
                <![CDATA["Array Using List Page"]]>
              </value>
            </param>
            <param index="1">
              <value>
                <![CDATA["To Automate the page of Array"]]>
              </value>
            </param>
          </params>
          <reporter-output>
          </reporter-output>
        </test-method> <!-- runScenario -->
        <test-method signature="runScenario(io.cucumber.testng.PickleWrapper,io.cucumber.testng.FeatureWrapper)[pri:0, instance:testRunner.runnertestng@4afcd809]" started-at="2023-12-03T11:52:46 EST" name="runScenario" description="Runs Cucumber Scenarios" data-provider="scenarios" finished-at="2023-12-03T11:52:47 EST" duration-ms="194" status="PASS">
          <params>
            <param index="0">
              <value>
                <![CDATA["Basic operations in Lists page"]]>
              </value>
            </param>
            <param index="1">
              <value>
                <![CDATA["To Automate the page of Array"]]>
              </value>
            </param>
          </params>
          <reporter-output>
          </reporter-output>
        </test-method> <!-- runScenario -->
        <test-method signature="runScenario(io.cucumber.testng.PickleWrapper,io.cucumber.testng.FeatureWrapper)[pri:0, instance:testRunner.runnertestng@4afcd809]" started-at="2023-12-03T11:52:47 EST" name="runScenario" description="Runs Cucumber Scenarios" data-provider="scenarios" finished-at="2023-12-03T11:52:47 EST" duration-ms="454" status="PASS">
          <params>
            <param index="0">
              <value>
                <![CDATA["Python Editor page without data"]]>
              </value>
            </param>
            <param index="1">
              <value>
                <![CDATA["To Automate the page of Array"]]>
              </value>
            </param>
          </params>
          <reporter-output>
          </reporter-output>
        </test-method> <!-- runScenario -->
        <test-method signature="runScenario(io.cucumber.testng.PickleWrapper,io.cucumber.testng.FeatureWrapper)[pri:0, instance:testRunner.runnertestng@4afcd809]" started-at="2023-12-03T11:52:47 EST" name="runScenario" description="Runs Cucumber Scenarios" data-provider="scenarios" finished-at="2023-12-03T11:52:48 EST" duration-ms="472" status="PASS">
          <params>
            <param index="0">
              <value>
                <![CDATA["Python Editor page with Invalid data"]]>
              </value>
            </param>
            <param index="1">
              <value>
                <![CDATA["To Automate the page of Array"]]>
              </value>
            </param>
          </params>
          <reporter-output>
          </reporter-output>
        </test-method> <!-- runScenario -->
        <test-method signature="runScenario(io.cucumber.testng.PickleWrapper,io.cucumber.testng.FeatureWrapper)[pri:0, instance:testRunner.runnertestng@4afcd809]" started-at="2023-12-03T11:52:48 EST" name="runScenario" description="Runs Cucumber Scenarios" data-provider="scenarios" finished-at="2023-12-03T11:52:48 EST" duration-ms="395" status="PASS">
          <params>
            <param index="0">
              <value>
                <![CDATA["Python Editor page with valid data"]]>
              </value>
            </param>
            <param index="1">
              <value>
                <![CDATA["To Automate the page of Array"]]>
              </value>
            </param>
          </params>
          <reporter-output>
          </reporter-output>
        </test-method> <!-- runScenario -->
        <test-method signature="runScenario(io.cucumber.testng.PickleWrapper,io.cucumber.testng.FeatureWrapper)[pri:0, instance:testRunner.runnertestng@4afcd809]" started-at="2023-12-03T11:52:48 EST" name="runScenario" description="Runs Cucumber Scenarios" data-provider="scenarios" finished-at="2023-12-03T11:52:48 EST" duration-ms="168" status="PASS">
          <params>
            <param index="0">
              <value>
                <![CDATA["User go back to the previous page"]]>
              </value>
            </param>
            <param index="1">
              <value>
                <![CDATA["To Automate the page of Array"]]>
              </value>
            </param>
          </params>
          <reporter-output>
          </reporter-output>
        </test-method> <!-- runScenario -->
        <test-method signature="runScenario(io.cucumber.testng.PickleWrapper,io.cucumber.testng.FeatureWrapper)[pri:0, instance:testRunner.runnertestng@4afcd809]" started-at="2023-12-03T11:52:48 EST" name="runScenario" description="Runs Cucumber Scenarios" data-provider="scenarios" finished-at="2023-12-03T11:52:48 EST" duration-ms="193" status="PASS">
          <params>
            <param index="0">
              <value>
                <![CDATA["Basic operations in Lists page"]]>
              </value>
            </param>
            <param index="1">
              <value>
                <![CDATA["To Automate the page of Array"]]>
              </value>
            </param>
          </params>
          <reporter-output>
          </reporter-output>
        </test-method> <!-- runScenario -->
        <test-method signature="runScenario(io.cucumber.testng.PickleWrapper,io.cucumber.testng.FeatureWrapper)[pri:0, instance:testRunner.runnertestng@4afcd809]" started-at="2023-12-03T11:52:48 EST" name="runScenario" description="Runs Cucumber Scenarios" data-provider="scenarios" finished-at="2023-12-03T11:52:49 EST" duration-ms="204" status="PASS">
          <params>
            <param index="0">
              <value>
                <![CDATA["Application of Array page"]]>
              </value>
            </param>
            <param index="1">
              <value>
                <![CDATA["To Automate the page of Array"]]>
              </value>
            </param>
          </params>
          <reporter-output>
          </reporter-output>
        </test-method> <!-- runScenario -->
        <test-method signature="runScenario(io.cucumber.testng.PickleWrapper,io.cucumber.testng.FeatureWrapper)[pri:0, instance:testRunner.runnertestng@4afcd809]" started-at="2023-12-03T11:52:49 EST" name="runScenario" description="Runs Cucumber Scenarios" data-provider="scenarios" finished-at="2023-12-03T11:52:49 EST" duration-ms="192" status="PASS">
          <params>
            <param index="0">
              <value>
                <![CDATA["Practice Questions page"]]>
              </value>
            </param>
            <param index="1">
              <value>
                <![CDATA["To Automate the page of Array"]]>
              </value>
            </param>
          </params>
          <reporter-output>
          </reporter-output>
        </test-method> <!-- runScenario -->
        <test-method signature="runScenario(io.cucumber.testng.PickleWrapper,io.cucumber.testng.FeatureWrapper)[pri:0, instance:testRunner.runnertestng@4afcd809]" started-at="2023-12-03T11:52:49 EST" name="runScenario" description="Runs Cucumber Scenarios" data-provider="scenarios" finished-at="2023-12-03T11:52:49 EST" duration-ms="372" status="PASS">
          <params>
            <param index="0">
              <value>
                <![CDATA["Python Editor page without data"]]>
              </value>
            </param>
            <param index="1">
              <value>
                <![CDATA["To Automate the page of Array"]]>
              </value>
            </param>
          </params>
          <reporter-output>
          </reporter-output>
        </test-method> <!-- runScenario -->
        <test-method signature="runScenario(io.cucumber.testng.PickleWrapper,io.cucumber.testng.FeatureWrapper)[pri:0, instance:testRunner.runnertestng@4afcd809]" started-at="2023-12-03T11:52:49 EST" name="runScenario" description="Runs Cucumber Scenarios" data-provider="scenarios" finished-at="2023-12-03T11:52:50 EST" duration-ms="481" status="PASS">
          <params>
            <param index="0">
              <value>
                <![CDATA["Python Editor page with Invalid data"]]>
              </value>
            </param>
            <param index="1">
              <value>
                <![CDATA["To Automate the page of Array"]]>
              </value>
            </param>
          </params>
          <reporter-output>
          </reporter-output>
        </test-method> <!-- runScenario -->
        <test-method signature="runScenario(io.cucumber.testng.PickleWrapper,io.cucumber.testng.FeatureWrapper)[pri:0, instance:testRunner.runnertestng@4afcd809]" started-at="2023-12-03T11:52:50 EST" name="runScenario" description="Runs Cucumber Scenarios" data-provider="scenarios" finished-at="2023-12-03T11:52:50 EST" duration-ms="402" status="PASS">
          <params>
            <param index="0">
              <value>
                <![CDATA["Python Editor page with valid data"]]>
              </value>
            </param>
            <param index="1">
              <value>
                <![CDATA["To Automate the page of Array"]]>
              </value>
            </param>
          </params>
          <reporter-output>
          </reporter-output>
        </test-method> <!-- runScenario -->
        <test-method signature="runScenario(io.cucumber.testng.PickleWrapper,io.cucumber.testng.FeatureWrapper)[pri:0, instance:testRunner.runnertestng@4afcd809]" started-at="2023-12-03T11:52:50 EST" name="runScenario" description="Runs Cucumber Scenarios" data-provider="scenarios" finished-at="2023-12-03T11:52:50 EST" duration-ms="143" status="PASS">
          <params>
            <param index="0">
              <value>
                <![CDATA["User go back to the previous page"]]>
              </value>
            </param>
            <param index="1">
              <value>
                <![CDATA["To Automate the page of Array"]]>
              </value>
            </param>
          </params>
          <reporter-output>
          </reporter-output>
        </test-method> <!-- runScenario -->
        <test-method signature="runScenario(io.cucumber.testng.PickleWrapper,io.cucumber.testng.FeatureWrapper)[pri:0, instance:testRunner.runnertestng@4afcd809]" started-at="2023-12-03T11:52:50 EST" name="runScenario" description="Runs Cucumber Scenarios" data-provider="scenarios" finished-at="2023-12-03T11:52:50 EST" duration-ms="223" status="PASS">
          <params>
            <param index="0">
              <value>
                <![CDATA["Practice Questions page"]]>
              </value>
            </param>
            <param index="1">
              <value>
                <![CDATA["To Automate the page of Array"]]>
              </value>
            </param>
          </params>
          <reporter-output>
          </reporter-output>
        </test-method> <!-- runScenario -->
        <test-method signature="runScenario(io.cucumber.testng.PickleWrapper,io.cucumber.testng.FeatureWrapper)[pri:0, instance:testRunner.runnertestng@4afcd809]" started-at="2023-12-03T11:52:50 EST" name="runScenario" description="Runs Cucumber Scenarios" data-provider="scenarios" finished-at="2023-12-03T11:52:51 EST" duration-ms="331" status="PASS">
          <params>
            <param index="0">
              <value>
                <![CDATA["Python Editor page without data"]]>
              </value>
            </param>
            <param index="1">
              <value>
                <![CDATA["To Automate the page of Array"]]>
              </value>
            </param>
          </params>
          <reporter-output>
          </reporter-output>
        </test-method> <!-- runScenario -->
        <test-method signature="runScenario(io.cucumber.testng.PickleWrapper,io.cucumber.testng.FeatureWrapper)[pri:0, instance:testRunner.runnertestng@4afcd809]" started-at="2023-12-03T11:52:51 EST" name="runScenario" description="Runs Cucumber Scenarios" data-provider="scenarios" finished-at="2023-12-03T11:52:51 EST" duration-ms="410" status="PASS">
          <params>
            <param index="0">
              <value>
                <![CDATA["Python Editor page with Invalid data"]]>
              </value>
            </param>
            <param index="1">
              <value>
                <![CDATA["To Automate the page of Array"]]>
              </value>
            </param>
          </params>
          <reporter-output>
          </reporter-output>
        </test-method> <!-- runScenario -->
        <test-method signature="runScenario(io.cucumber.testng.PickleWrapper,io.cucumber.testng.FeatureWrapper)[pri:0, instance:testRunner.runnertestng@4afcd809]" started-at="2023-12-03T11:52:51 EST" name="runScenario" description="Runs Cucumber Scenarios" data-provider="scenarios" finished-at="2023-12-03T11:52:52 EST" duration-ms="411" status="PASS">
          <params>
            <param index="0">
              <value>
                <![CDATA["Python Editor page with valid data"]]>
              </value>
            </param>
            <param index="1">
              <value>
                <![CDATA["To Automate the page of Array"]]>
              </value>
            </param>
          </params>
          <reporter-output>
          </reporter-output>
        </test-method> <!-- runScenario -->
        <test-method signature="runScenario(io.cucumber.testng.PickleWrapper,io.cucumber.testng.FeatureWrapper)[pri:0, instance:testRunner.runnertestng@4afcd809]" started-at="2023-12-03T11:52:52 EST" name="runScenario" description="Runs Cucumber Scenarios" data-provider="scenarios" finished-at="2023-12-03T11:52:52 EST" duration-ms="178" status="PASS">
          <params>
            <param index="0">
              <value>
                <![CDATA["User go back to the previous page"]]>
              </value>
            </param>
            <param index="1">
              <value>
                <![CDATA["To Automate the page of Array"]]>
              </value>
            </param>
          </params>
          <reporter-output>
          </reporter-output>
        </test-method> <!-- runScenario -->
        <test-method signature="runScenario(io.cucumber.testng.PickleWrapper,io.cucumber.testng.FeatureWrapper)[pri:0, instance:testRunner.runnertestng@4afcd809]" started-at="2023-12-03T11:52:52 EST" name="runScenario" description="Runs Cucumber Scenarios" data-provider="scenarios" finished-at="2023-12-03T11:52:52 EST" duration-ms="274" status="PASS">
          <params>
            <param index="0">
              <value>
                <![CDATA["Practice Questions page"]]>
              </value>
            </param>
            <param index="1">
              <value>
                <![CDATA["To Automate the page of Array"]]>
              </value>
            </param>
          </params>
          <reporter-output>
          </reporter-output>
        </test-method> <!-- runScenario -->
        <test-method signature="runScenario(io.cucumber.testng.PickleWrapper,io.cucumber.testng.FeatureWrapper)[pri:0, instance:testRunner.runnertestng@4afcd809]" started-at="2023-12-03T11:52:52 EST" name="runScenario" description="Runs Cucumber Scenarios" data-provider="scenarios" finished-at="2023-12-03T11:52:52 EST" duration-ms="323" status="PASS">
          <params>
            <param index="0">
              <value>
                <![CDATA["Python Editor page without data"]]>
              </value>
            </param>
            <param index="1">
              <value>
                <![CDATA["To Automate the page of Array"]]>
              </value>
            </param>
          </params>
          <reporter-output>
          </reporter-output>
        </test-method> <!-- runScenario -->
        <test-method signature="runScenario(io.cucumber.testng.PickleWrapper,io.cucumber.testng.FeatureWrapper)[pri:0, instance:testRunner.runnertestng@4afcd809]" started-at="2023-12-03T11:52:52 EST" name="runScenario" description="Runs Cucumber Scenarios" data-provider="scenarios" finished-at="2023-12-03T11:52:53 EST" duration-ms="433" status="PASS">
          <params>
            <param index="0">
              <value>
                <![CDATA["Python Editor page with Invalid data"]]>
              </value>
            </param>
            <param index="1">
              <value>
                <![CDATA["To Automate the page of Array"]]>
              </value>
            </param>
          </params>
          <reporter-output>
          </reporter-output>
        </test-method> <!-- runScenario -->
        <test-method signature="runScenario(io.cucumber.testng.PickleWrapper,io.cucumber.testng.FeatureWrapper)[pri:0, instance:testRunner.runnertestng@4afcd809]" started-at="2023-12-03T11:52:53 EST" name="runScenario" description="Runs Cucumber Scenarios" data-provider="scenarios" finished-at="2023-12-03T11:52:53 EST" duration-ms="398" status="PASS">
          <params>
            <param index="0">
              <value>
                <![CDATA["Python Editor page with valid data"]]>
              </value>
            </param>
            <param index="1">
              <value>
                <![CDATA["To Automate the page of Array"]]>
              </value>
            </param>
          </params>
          <reporter-output>
          </reporter-output>
        </test-method> <!-- runScenario -->
        <test-method signature="runScenario(io.cucumber.testng.PickleWrapper,io.cucumber.testng.FeatureWrapper)[pri:0, instance:testRunner.runnertestng@4afcd809]" started-at="2023-12-03T11:52:53 EST" name="runScenario" description="Runs Cucumber Scenarios" data-provider="scenarios" finished-at="2023-12-03T11:52:53 EST" duration-ms="134" status="PASS">
          <params>
            <param index="0">
              <value>
                <![CDATA["User go back to the previous page"]]>
              </value>
            </param>
            <param index="1">
              <value>
                <![CDATA["To Automate the page of Array"]]>
              </value>
            </param>
          </params>
          <reporter-output>
          </reporter-output>
        </test-method> <!-- runScenario -->
        <test-method signature="runScenario(io.cucumber.testng.PickleWrapper,io.cucumber.testng.FeatureWrapper)[pri:0, instance:testRunner.runnertestng@4afcd809]" started-at="2023-12-03T11:52:53 EST" name="runScenario" description="Runs Cucumber Scenarios" data-provider="scenarios" finished-at="2023-12-03T11:52:53 EST" duration-ms="215" status="PASS">
          <params>
            <param index="0">
              <value>
                <![CDATA["Practice Questions page"]]>
              </value>
            </param>
            <param index="1">
              <value>
                <![CDATA["To Automate the page of Array"]]>
              </value>
            </param>
          </params>
          <reporter-output>
          </reporter-output>
        </test-method> <!-- runScenario -->
        <test-method signature="runScenario(io.cucumber.testng.PickleWrapper,io.cucumber.testng.FeatureWrapper)[pri:0, instance:testRunner.runnertestng@4afcd809]" started-at="2023-12-03T11:52:53 EST" name="runScenario" description="Runs Cucumber Scenarios" data-provider="scenarios" finished-at="2023-12-03T11:52:54 EST" duration-ms="356" status="PASS">
          <params>
            <param index="0">
              <value>
                <![CDATA["Python Editor page without data"]]>
              </value>
            </param>
            <param index="1">
              <value>
                <![CDATA["To Automate the page of Array"]]>
              </value>
            </param>
          </params>
          <reporter-output>
          </reporter-output>
        </test-method> <!-- runScenario -->
        <test-method signature="runScenario(io.cucumber.testng.PickleWrapper,io.cucumber.testng.FeatureWrapper)[pri:0, instance:testRunner.runnertestng@4afcd809]" started-at="2023-12-03T11:52:54 EST" name="runScenario" description="Runs Cucumber Scenarios" data-provider="scenarios" finished-at="2023-12-03T11:52:54 EST" duration-ms="466" status="PASS">
          <params>
            <param index="0">
              <value>
                <![CDATA["Python Editor page with Invalid data"]]>
              </value>
            </param>
            <param index="1">
              <value>
                <![CDATA["To Automate the page of Array"]]>
              </value>
            </param>
          </params>
          <reporter-output>
          </reporter-output>
        </test-method> <!-- runScenario -->
        <test-method signature="runScenario(io.cucumber.testng.PickleWrapper,io.cucumber.testng.FeatureWrapper)[pri:0, instance:testRunner.runnertestng@4afcd809]" started-at="2023-12-03T11:52:54 EST" name="runScenario" description="Runs Cucumber Scenarios" data-provider="scenarios" finished-at="2023-12-03T11:52:55 EST" duration-ms="526" status="PASS">
          <params>
            <param index="0">
              <value>
                <![CDATA["Python Editor page with valid data"]]>
              </value>
            </param>
            <param index="1">
              <value>
                <![CDATA["To Automate the page of Array"]]>
              </value>
            </param>
          </params>
          <reporter-output>
          </reporter-output>
        </test-method> <!-- runScenario -->
        <test-method signature="runScenario(io.cucumber.testng.PickleWrapper,io.cucumber.testng.FeatureWrapper)[pri:0, instance:testRunner.runnertestng@4afcd809]" started-at="2023-12-03T11:52:55 EST" name="runScenario" description="Runs Cucumber Scenarios" data-provider="scenarios" finished-at="2023-12-03T11:52:55 EST" duration-ms="176" status="PASS">
          <params>
            <param index="0">
              <value>
                <![CDATA["User go back to the previous page"]]>
              </value>
            </param>
            <param index="1">
              <value>
                <![CDATA["To Automate the page of Array"]]>
              </value>
            </param>
          </params>
          <reporter-output>
          </reporter-output>
        </test-method> <!-- runScenario -->
        <test-method is-config="true" signature="tearDownClass()[pri:0, instance:testRunner.runnertestng@4afcd809]" started-at="2023-12-03T11:52:55 EST" name="tearDownClass" finished-at="2023-12-03T11:53:05 EST" duration-ms="9862" status="PASS">
          <reporter-output>
          </reporter-output>
        </test-method> <!-- tearDownClass -->
      </class> <!-- testRunner.runnertestng -->
    </test> <!-- Test -->
  </suite> <!-- Suite -->
</testng-results>
